
NO CARRIER

RING

CONNECT 4800/ARQ/V32/LAPM
 34132    Iridium console active and ready...
Vehicle Name: rusalka
Curr Time: Thu Jul 19 15:41:50 2012 MT:   34130
DR  Location:  3330.319 N -11834.284 E measured     54.036 secs ago
GPS TooFar:   69696969.000 N 69696969.000 E measured     1e+308 secs ago
GPS Invalid :  3330.013 N -11831.937 E measured    143.689 secs ago
GPS Location:  3330.319 N -11834.284 E measured     54.489 secs ago
   sensor:m_battery(volts)=13.0056513455484        56.085 secs ago
   sensor:m_iridium_signal_strength(nodim)=5       18.934 secs ago
   sensor:m_leakdetect_voltage(volts)=2.4998778998779     60.782 secs ago
   sensor:m_vacuum(inHg)=7.95081053113553          89.989 secs ago
ABORT HISTORY: total since reset: 1
ABORT HISTORY: last abort cause: MS_ABORT_USER_INTERRUPT
ABORT HISTORY: last abort details: 
ABORT HISTORY: last abort time: 2012-07-19T06:04:52
ABORT HISTORY: last abort segment: rusalka-2012-200-0-2 (0272.0002)
ABORT HISTORY: last abort mission: A_MER_27.MI
 34132    No login script found for processing.




Glider rusalka at surface.
Because:Hit a waypoint [behavior surface_4 start_when = 8.0]
MissionName:A_MER_27.MI MissionNum:rusalka-2012-200-1-2 (0273.0002)
Vehicle Name: rusalka
Curr Time: Thu Jul 19 15:42:01 2012 MT:   34142
DR  Location:  3330.319 N -11834.284 E measured     65.255 secs ago
GPS TooFar:   69696969.000 N 69696969.000 E measured     1e+308 secs ago
GPS Invalid :  3330.013 N -11831.937 E measured    154.908 secs ago
GPS Location:  3330.319 N -11834.284 E measured     65.706 secs ago
   sensor:m_battery(volts)=13.0048429875504         4.188 secs ago
   sensor:m_iridium_signal_strength(nodim)=5       30.128 secs ago
   sensor:m_leakdetect_voltage(volts)=2.5           7.362 secs ago
   sensor:m_vacuum(inHg)=7.95081053113553         101.156 secs ago
devices:(t/m/s) errs:   0/   0/   0 warn:   0/   0/   0 odd:  18/  10/   3
ABORT HISTORY: total since reset: 1
ABORT HISTORY: last abort cause: MS_ABORT_USER_INTERRUPT
ABORT HISTORY: last abort details: 
ABORT HISTORY: last abort time: 2012-07-19T06:04:52
ABORT HISTORY: last abort segment: rusalka-2012-200-0-2 (0272.0002)
ABORT HISTORY: last abort mission: A_MER_27.MI

   Hit Control-R to RESUME the mission, i.e. dive!
   Hit Control-C to END    the mission, i.e. GliderDos
   Hit Control-E to extend surface time by 5 minutes.
   Hit Control-W to get device warning reports.
   Hit Control-F to re-read yo, goto_l, sample, drift_ mafiles.
   Hit H <n> <0:1> to Hangup and call back in <n> minutes at 0-primary 1-alternate number.
   Hit S [-f={rf}|{irid] [-num=<n>] [-t=<s>] [filespec ...] to send log files
   Hit ! <GliderDos cmd>  to execute <GliderDos cmd>
   Hit Control-T to consci to science computer when comms ready:
                                               ... communications ready for consci.

Water Velocity Calculations COMPLETE
Waypoint: (3331.4822,-11835.3100) Range: 2673m, Bearing: 311deg, Age: 0:7h:m
Time until diving is: 231 secs
^R 34157 32 behavior surface_4: User typed Control-R, resuming


   I heard a Control-R
   RESUMING MISSION

Megabytes used      on CF file system = 537.906250
Megabytes available on CF file system = 1463.031250
 34162    02730002.mlg LOG FILE CLOSED
Doing system wide housekeeping.......
report_heap_size(): M_FREE_HEAP=371.0K,  M_SPARE_HEAP=352.0K
Running algorithm to free disk space if required
Not necessary to delete any files at this time
Writing longterm state disk file: c:/state/longterm.sta
   f_fin_deadzone_width(rad) 0.020000
   f_fin_safety_max(rad) 0.470000
   f_ocean_pressure_min(volts) 0.158260
   m_avg_climb_rate(m/s) -0.225319
   m_avg_speed(m/s) 0.255431
   m_avg_upward_inflection_time(sec) 20.111910
   m_battery(volts) 13.004843
   m_coulomb_amphr_total(amp-hrs) 0.000000
   m_iridium_call_num(nodim) 582.000000
   m_iridium_dialed_num(nodim) 5548.000000
   m_lat(lat) 3330.319200
   m_lon(lon) -11834.284000
   m_tot_ballast_pumped_energy(kjoules) 2162.044174
   m_tot_horz_dist(km) 1570.171557
   m_tot_num_inflections(nodim) 23090.000000
   s_water_depth_avg(m) 30.000000
   s_water_depth_delta(m) 0.000000
   s_water_depth_wavelength(m) 100.000000
   x_de_avg_oil_vol_ierr_on_ascent(cc) 0.000000
   x_de_avg_oil_vol_ierr_on_descent(cc) 0.000000
   x_hover_ballast_deep(cc) 0.000000
   x_hover_ballast_shallow(cc) 0.000000
   x_hover_depth_deep(m) 0.000000
   x_hover_depth_shallow(m) 0.000000
   x_last_wpt_lat(lat) 3330.418400
   x_last_wpt_lon(lon) -11833.618000
The instantaneous lag time between the system and gps clock is 0.0 seconds.
The average lag time between the system and gps clock is -0.3 seconds.
Housekeeping is done
 34251 40 02730003.mlg LOG FILE OPENED
Megabytes used  